Time resolution is 1 ps
                   0 << Starting the Simulation >>
                   0 clk=0, rst=0, in=x, out=100001
                  10 clk=1, rst=0, in=x, out=100001
                  20 << Coming out of reset >>
                  20 clk=0, rst=1, in=1, out=100001
                  30 clk=1, rst=1, in=1, out=010001
                  40 << Turning ON   >>
                  40 << Simulation Complete >>
                  40 clk=0, rst=1, in=0, out=010001
                  50 clk=1, rst=1, in=0, out=001100
                  60 clk=0, rst=1, in=0, out=001100
                  70 clk=1, rst=1, in=0, out=001010
                  80 clk=0, rst=1, in=0, out=001010
                  90 clk=1, rst=1, in=0, out=100001
                 100 clk=0, rst=1, in=0, out=100001
                 110 clk=1, rst=1, in=0, out=100001
                 120 clk=0, rst=1, in=0, out=100001
                 130 clk=1, rst=1, in=0, out=100001
                 140 clk=0, rst=1, in=0, out=100001
                 150 clk=1, rst=1, in=0, out=100001
                 160 clk=0, rst=1, in=0, out=100001
                 170 clk=1, rst=1, in=0, out=100001
                 180 clk=0, rst=1, in=0, out=100001
                 190 clk=1, rst=1, in=0, out=100001
                 200 clk=0, rst=1, in=0, out=100001
                 210 clk=1, rst=1, in=0, out=100001
                 220 clk=0, rst=1, in=0, out=100001
                 230 clk=1, rst=1, in=0, out=100001
                 240 clk=0, rst=1, in=0, out=100001
                 250 clk=1, rst=1, in=0, out=100001
                 260 clk=0, rst=1, in=0, out=100001
                 270 clk=1, rst=1, in=0, out=100001
                 280 clk=0, rst=1, in=0, out=100001
                 290 clk=1, rst=1, in=0, out=100001
                 300 clk=0, rst=1, in=0, out=100001
                 310 clk=1, rst=1, in=0, out=100001
                 320 clk=0, rst=1, in=0, out=100001
                 330 clk=1, rst=1, in=0, out=100001
                 340 clk=0, rst=1, in=0, out=100001
                 350 clk=1, rst=1, in=0, out=100001
                 360 clk=0, rst=1, in=0, out=100001
                 370 clk=1, rst=1, in=0, out=100001
                 380 clk=0, rst=1, in=0, out=100001
                 390 clk=1, rst=1, in=0, out=100001
                 400 clk=0, rst=1, in=0, out=100001
                 410 clk=1, rst=1, in=0, out=100001
                 420 clk=0, rst=1, in=0, out=100001
                 430 clk=1, rst=1, in=0, out=100001
                 440 clk=0, rst=1, in=0, out=100001
                 450 clk=1, rst=1, in=0, out=100001
                 460 clk=0, rst=1, in=0, out=100001
                 470 clk=1, rst=1, in=0, out=100001
                 480 clk=0, rst=1, in=0, out=100001
                 490 clk=1, rst=1, in=0, out=100001
                 500 clk=0, rst=1, in=0, out=100001
                 510 clk=1, rst=1, in=0, out=100001
                 520 clk=0, rst=1, in=0, out=100001
                 530 clk=1, rst=1, in=0, out=100001
                 540 clk=0, rst=1, in=0, out=100001
                 550 clk=1, rst=1, in=0, out=100001
                 560 clk=0, rst=1, in=0, out=100001
                 570 clk=1, rst=1, in=0, out=100001
                 580 clk=0, rst=1, in=0, out=100001
                 590 clk=1, rst=1, in=0, out=100001
                 600 clk=0, rst=1, in=0, out=100001
                 610 clk=1, rst=1, in=0, out=100001
                 620 clk=0, rst=1, in=0, out=100001
                 630 clk=1, rst=1, in=0, out=100001
                 640 clk=0, rst=1, in=0, out=100001
                 650 clk=1, rst=1, in=0, out=100001
                 660 clk=0, rst=1, in=0, out=100001
                 670 clk=1, rst=1, in=0, out=100001
                 680 clk=0, rst=1, in=0, out=100001
                 690 clk=1, rst=1, in=0, out=100001
                 700 clk=0, rst=1, in=0, out=100001
                 710 clk=1, rst=1, in=0, out=100001
                 720 clk=0, rst=1, in=0, out=100001
                 730 clk=1, rst=1, in=0, out=100001
                 740 clk=0, rst=1, in=0, out=100001
                 750 clk=1, rst=1, in=0, out=100001
                 760 clk=0, rst=1, in=0, out=100001
                 770 clk=1, rst=1, in=0, out=100001
                 780 clk=0, rst=1, in=0, out=100001
                 790 clk=1, rst=1, in=0, out=100001
                 800 clk=0, rst=1, in=0, out=100001
                 810 clk=1, rst=1, in=0, out=100001
                 820 clk=0, rst=1, in=0, out=100001
                 830 clk=1, rst=1, in=0, out=100001
$stop called at time : 840 ns : File "C:/Users/gsahinpi/Downloads/vivadotemp-20220514T100855Z-001/vivadotemp/traficlight/traficlight.srcs/sim_1/new/traffictest.v" Line 83
